#
# A fatal error has been detected by the Java Runtime Environment:
#
#  EXCEPTION_ACCESS_VIOLATION (0xc0000005) at pc=0x000000007322c750, pid=532, tid=38900
#
# JRE version: 6.0_17-b04
# Java VM: Java HotSpot(TM) 64-Bit Server VM (14.3-b01 mixed mode windows-amd64 )
# Problematic frame:
# C  [awt.dll+0xdc750]
#
# If you would like to submit a bug report, please visit:
#   http://java.sun.com/webapps/bugreport/crash.jsp
# The crash happened outside the Java Virtual Machine in native code.
# See problematic frame for where to report the bug.
#

---------------  T H R E A D  ---------------

Current thread (0x0000000035cd0000):  JavaThread "AWT-EventQueue-0" [_thread_in_native, id=38900, stack(0x0000000036d10000,0x0000000036d90000)]

siginfo: ExceptionCode=0xc0000005, reading address 0x0000000000000008

Registers:
EAX=0x000000000000000d, EBX=0x0000000035cd01b8, ECX=0x0000000000000000, EDX=0x00000000020118e7
ESP=0x0000000036d8dc68, EBP=0x000000003b6a6660, ESI=0x0000000035cd01b8, EDI=0x0000000036c203d0
EIP=0x000000007322c750, EFLAGS=0x0000000000010206

Top of Stack: (sp=0x0000000036d8dc68)
0x0000000036d8dc68:   00000000731d589c 0000000000000000
0x0000000036d8dc78:   0000000035cd01b8 000000003b6a6660
0x0000000036d8dc88:   0000000035cd01b8 00000000273370e8
0x0000000036d8dc98:   0000000035cd01b8 00000000192eacc8
0x0000000036d8dca8:   00000000731b3810 0000000035cd01b8
0x0000000036d8dcb8:   0000000036d8e388 0000000036d8e400
0x0000000036d8dcc8:   000000003b6a6660 000000001d5bf138
0x0000000036d8dcd8:   00000000731d2151 0000000000000000
0x0000000036d8dce8:   0000000036d8e3f8 0000000000000780
0x0000000036d8dcf8:   0000000036d8e400 000000000000000a
0x0000000036d8dd08:   00000001126feebc 0000000026902b50
0x0000000036d8dd18:   0000000100000002 0000000000000000
0x0000000036d8dd28:   0000000000000000 000000001d5bd130
0x0000000036d8dd38:   000000001d5d3e20 0000074c00000006
0x0000000036d8dd48:   000000001d5bf8c8 0000000000000000
0x0000000036d8dd58:   000000001de92b80 00000000273370e8 

Instructions: (pc=0x000000007322c750)
0x000000007322c740:   48 8b 41 08 48 8b 80 18 0c 00 00 c3 cc cc cc cc
0x000000007322c750:   48 8b 49 08 48 85 c9 74 05 e9 72 f6 fd ff 33 c0 


Stack: [0x0000000036d10000,0x0000000036d90000],  sp=0x0000000036d8dc68,  free space=503k
Native frames: (J=compiled Java code, j=interpreted, Vv=VM code, C=native code)
C  [awt.dll+0xdc750]

Java frames: (J=compiled Java code, j=interpreted, Vv=VM code)
j  sun.java2d.windows.GDIBlitLoops.nativeBlit(Lsun/java2d/SurfaceData;Lsun/java2d/SurfaceData;Lsun/java2d/pipe/Region;IIIIIIIIIZ)V+0
j  sun.java2d.windows.GDIBlitLoops.Blit(Lsun/java2d/SurfaceData;Lsun/java2d/SurfaceData;Ljava/awt/Composite;Lsun/java2d/pipe/Region;IIIIII)V+33
j  sun.java2d.pipe.DrawImage.blitSurfaceData(Lsun/java2d/SunGraphics2D;Lsun/java2d/pipe/Region;Lsun/java2d/SurfaceData;Lsun/java2d/SurfaceData;Lsun/java2d/loops/SurfaceType;Lsun/java2d/loops/SurfaceType;IIIIIILjava/awt/Color;)V+97
j  sun.java2d.pipe.DrawImage.renderImageCopy(Lsun/java2d/SunGraphics2D;Ljava/awt/Image;Ljava/awt/Color;IIIIII)Z+75
j  sun.java2d.pipe.DrawImage.copyImage(Lsun/java2d/SunGraphics2D;Ljava/awt/Image;IIIIIILjava/awt/Color;)Z+33
j  sun.java2d.pipe.DrawImage.copyImage(Lsun/java2d/SunGraphics2D;Ljava/awt/Image;IIIIIILjava/awt/Color;Ljava/awt/image/ImageObserver;)Z+23
j  sun.java2d.pipe.ValidatePipe.copyImage(Lsun/java2d/SunGraphics2D;Ljava/awt/Image;IIIIIILjava/awt/Color;Ljava/awt/image/ImageObserver;)Z+29
j  sun.java2d.SunGraphics2D.copyImage(Ljava/awt/Image;IIIIIILjava/awt/Color;Ljava/awt/image/ImageObserver;)Z+20
j  sun.java2d.SunGraphics2D.drawImage(Ljava/awt/Image;IIIIIIIILjava/awt/Color;Ljava/awt/image/ImageObserver;)Z+154
J  java.awt.Component$BltBufferStrategy.showSubRegion(IIII)V
j  java.awt.Component$BltSubRegionBufferStrategy.show(IIII)V+6
j  javax.swing.BufferStrategyPaintManager.flushAccumulatedRegion()Z+48
j  javax.swing.BufferStrategyPaintManager.endPaint()V+84
J  javax.swing.JComponent.paint(Ljava/awt/Graphics;)V
j  java.awt.GraphicsCallback$PaintCallback.run(Ljava/awt/Component;Ljava/awt/Graphics;)V+2
j  sun.awt.SunGraphicsCallback.runOneComponent(Ljava/awt/Component;Ljava/awt/Rectangle;Ljava/awt/Graphics;Ljava/awt/Shape;I)V+155
j  sun.awt.SunGraphicsCallback.runComponents([Ljava/awt/Component;Ljava/awt/Graphics;I)V+104
j  java.awt.Container.paint(Ljava/awt/Graphics;)V+73
J  javax.swing.RepaintManager.paintDirtyRegions(Ljava/util/Map;)V
j  javax.swing.RepaintManager.paintDirtyRegions()V+46
j  javax.swing.RepaintManager.seqPaintDirtyRegions()V+73
j  javax.swing.SystemEventQueueUtilities$ComponentWorkRequest.run()V+36
J  java.awt.event.InvocationEvent.dispatch()V
J  java.awt.EventDispatchThread.pumpOneEventForFilters(I)Z
J  java.awt.EventDispatchThread.pumpEventsForFilter(ILjava/awt/Conditional;Ljava/awt/EventFilter;)V
j  java.awt.EventDispatchThread.pumpEventsForHierarchy(ILjava/awt/Conditional;Ljava/awt/Component;)V+11
j  java.awt.EventDispatchThread.pumpEvents(ILjava/awt/Conditional;)V+4
j  java.awt.EventDispatchThread.pumpEvents(Ljava/awt/Conditional;)V+3
j  java.awt.EventDispatchThread.run()V+9
v  ~StubRoutines::call_stub

---------------  P R O C E S S  ---------------

Java Threads: ( => current thread )
  0x000000003b048000 JavaThread "Code Analyzer updating thread" [_thread_blocked, id=28312, stack(0x0000000008a30000,0x0000000008ab0000)]
  0x000000003b04e000 JavaThread "Code Analyzer updating thread" [_thread_blocked, id=55080, stack(0x00000000121f0000,0x0000000012270000)]
  0x000000003b04a800 JavaThread "Code Analyzer updating thread" [_thread_blocked, id=16588, stack(0x0000000011f00000,0x0000000011f80000)]
  0x000000003b04c800 JavaThread "Code Analyzer updating thread" [_thread_blocked, id=54080, stack(0x0000000007370000,0x00000000073f0000)]
  0x000000003b04d000 JavaThread "Code Analyzer updating thread" [_thread_blocked, id=30392, stack(0x0000000006f00000,0x0000000006f80000)]
  0x0000000035ba4000 JavaThread "Code Analyzer updating thread" [_thread_blocked, id=26516, stack(0x0000000007490000,0x0000000007510000)]
  0x0000000035ba3800 JavaThread "Code Analyzer updating thread" [_thread_blocked, id=54248, stack(0x0000000011200000,0x0000000011280000)]
  0x0000000035ba8000 JavaThread "Code Analyzer updating thread" [_thread_blocked, id=53708, stack(0x0000000007180000,0x0000000007200000)]
  0x0000000035ba0000 JavaThread "Code Analyzer updating thread" [_thread_blocked, id=44376, stack(0x0000000007630000,0x00000000076b0000)]
  0x0000000035b9f000 JavaThread "Code Analyzer updating thread" [_thread_blocked, id=40456, stack(0x00000000120a0000,0x0000000012120000)]
  0x0000000035b9d000 JavaThread "Code Analyzer updating thread" [_thread_blocked, id=53100, stack(0x0000000008b10000,0x0000000008b90000)]
  0x0000000035ba5000 JavaThread "Image Fetcher 0" daemon [_thread_blocked, id=27248, stack(0x0000000011f90000,0x0000000012010000)]
  0x000000003b049800 JavaThread "pool-2-thread-1" [_thread_blocked, id=23528, stack(0x0000000012010000,0x0000000012090000)]
  0x0000000035ba2000 JavaThread "Timer queue for AWT thread" daemon [_thread_blocked, id=31500, stack(0x00000000075a0000,0x0000000007620000)]
  0x0000000035ba0800 JavaThread "Foxtrot Multi Worker Thread Runner #2" daemon [_thread_blocked, id=44336, stack(0x0000000007050000,0x00000000070d0000)]
  0x0000000035ba2800 JavaThread "Prefs Updater" daemon [_thread_blocked, id=9656, stack(0x0000000006bb0000,0x0000000006c30000)]
  0x0000000035b99800 JavaThread "Foxtrot Single Worker Thread #1" daemon [_thread_blocked, id=38008, stack(0x0000000011070000,0x00000000110f0000)]
  0x0000000035b9b000 JavaThread "Timer-3" [_thread_blocked, id=13276, stack(0x000000003d260000,0x000000003d2e0000)]
  0x0000000035b9c000 JavaThread "Active Reference Queue Daemon" daemon [_thread_blocked, id=41884, stack(0x000000003ab70000,0x000000003abf0000)]
  0x0000000035b9b800 JavaThread "Timer-2" daemon [_thread_blocked, id=47396, stack(0x0000000037ac0000,0x0000000037b40000)]
  0x0000000035b9a000 JavaThread "Timer-1" daemon [_thread_blocked, id=45236, stack(0x000000003a7f0000,0x000000003a870000)]
  0x0000000035b98800 JavaThread "FelixPackageAdmin" daemon [_thread_blocked, id=9488, stack(0x000000003a710000,0x000000003a790000)]
  0x0000000035b8f800 JavaThread "FelixStartLevel" daemon [_thread_blocked, id=27052, stack(0x0000000036c60000,0x0000000036ce0000)]
  0x0000000035d6a000 JavaThread "FelixDispatchQueue" daemon [_thread_blocked, id=52040, stack(0x000000003a660000,0x000000003a6e0000)]
  0x0000000036002800 JavaThread "TimerQueue" daemon [_thread_blocked, id=9580, stack(0x0000000037b80000,0x0000000037c00000)]
=>0x0000000035cd0000 JavaThread "AWT-EventQueue-0" [_thread_in_native, id=38900, stack(0x0000000036d10000,0x0000000036d90000)]
  0x0000000035979800 JavaThread "com.google.common.base.internal.Finalizer" daemon [_thread_blocked, id=12136, stack(0x000000000a590000,0x000000000a610000)]
  0x000000003594e800 JavaThread "AWT-Windows" daemon [_thread_in_native, id=50532, stack(0x000000002f0c0000,0x000000002f140000)]
  0x0000000035883000 JavaThread "AWT-Shutdown" [_thread_blocked, id=6696, stack(0x0000000029880000,0x0000000029900000)]
  0x0000000035882000 JavaThread "Java2D Disposer" daemon [_thread_blocked, id=26404, stack(0x000000000e880000,0x000000000e900000)]
  0x000000003492d000 JavaThread "Timer-0" [_thread_blocked, id=3652, stack(0x0000000029910000,0x0000000029990000)]
  0x00000000347ea000 JavaThread "JMI Unnamed Thread" [_thread_in_native, id=31712, stack(0x0000000008f80000,0x000000000a480000)]
  0x000000000ff0d800 JavaThread "Low Memory Detector" daemon [_thread_blocked, id=51900, stack(0x0000000008ef0000,0x0000000008f70000)]
  0x000000000ff04800 JavaThread "CompilerThread1" daemon [_thread_blocked, id=33168, stack(0x0000000031d20000,0x0000000033220000)]
  0x000000000fefe800 JavaThread "CompilerThread0" daemon [_thread_blocked, id=6368, stack(0x00000000307c0000,0x0000000031cc0000)]
  0x000000000fefa000 JavaThread "Attach Listener" daemon [_thread_blocked, id=10936, stack(0x000000000a4f0000,0x000000000a570000)]
  0x000000000248a000 JavaThread "Finalizer" daemon [_thread_blocked, id=49544, stack(0x000000000a690000,0x000000000a710000)]
  0x0000000002489000 JavaThread "Reference Handler" daemon [_thread_blocked, id=26508, stack(0x0000000008e70000,0x0000000008ef0000)]
  0x00000000023d0000 JavaThread "main" [_thread_in_native, id=50020, stack(0x0000000000160000,0x0000000001660000)]

Other Threads:
  0x000000000fea2000 VMThread [stack: 0x000000002f1d0000,0x00000000306d0000] [id=18436]
  0x000000000ff20000 WatcherThread [stack: 0x0000000033260000,0x0000000034760000] [id=30752]

VM state:not at safepoint (normal execution)

VM Mutex/Monitor currently owned by a thread: None

Heap
 PSYoungGen      total 12160K, used 3979K [0x0000000026750000, 0x0000000027750000, 0x0000000029850000)
  eden space 7744K, 24% used [0x0000000026750000,0x00000000269237f8,0x0000000026ee0000)
  from space 4416K, 47% used [0x0000000027300000,0x000000002750f688,0x0000000027750000)
  to   space 4224K, 0% used [0x0000000026ee0000,0x0000000026ee0000,0x0000000027300000)
 PSOldGen        total 113152K, used 101860K [0x000000001d450000, 0x00000000242d0000, 0x0000000026750000)
  object space 113152K, 90% used [0x000000001d450000,0x00000000237c9050,0x00000000242d0000)
 PSPermGen       total 66112K, used 64517K [0x0000000015450000, 0x00000000194e0000, 0x000000001d450000)
  object space 66112K, 97% used [0x0000000015450000,0x00000000193515e0,0x00000000194e0000)

Dynamic libraries:
0x000000013f4d0000 - 0x000000013f4f9000 	D:\Programs\bin\win64\MATLAB.exe
0x0000000077310000 - 0x00000000774bc000 	C:\Windows\SYSTEM32\ntdll.dll
0x0000000076e90000 - 0x0000000076faf000 	C:\Windows\system32\kernel32.dll
0x000007fefd830000 - 0x000007fefd89c000 	C:\Windows\system32\KERNELBASE.dll
0x0000000074460000 - 0x0000000074569000 	D:\Programs\bin\win64\libut.dll
0x00000000758a0000 - 0x0000000075920000 	D:\Programs\bin\win64\libmwi18n.dll
0x0000000180000000 - 0x000000018000b000 	D:\Programs\bin\win64\libmwresource_core.dll
0x0000000074190000 - 0x0000000074263000 	C:\Windows\WinSxS\amd64_microsoft.vc90.crt_1fc8b3b9a1e18e3b_9.0.30729.6161_none_08e61857a83bc251\MSVCP90.dll
0x00000000740e0000 - 0x0000000074183000 	C:\Windows\WinSxS\amd64_microsoft.vc90.crt_1fc8b3b9a1e18e3b_9.0.30729.6161_none_08e61857a83bc251\MSVCR90.dll
0x000000007a3b0000 - 0x000000007a3c0000 	D:\Programs\bin\win64\boost_date_time-vc90-mt-1_40.dll
0x000000007a170000 - 0x000000007a189000 	D:\Programs\bin\win64\boost_filesystem-vc90-mt-1_40.dll
0x000000007a560000 - 0x000000007a569000 	D:\Programs\bin\win64\boost_system-vc90-mt-1_40.dll
0x000000007a2d0000 - 0x000000007a2e2000 	D:\Programs\bin\win64\boost_thread-vc90-mt-1_40.dll
0x000000007a010000 - 0x000000007a035000 	D:\Programs\bin\win64\LIBEXPAT.dll
0x00000000739d0000 - 0x0000000073b8c000 	D:\Programs\bin\win64\icuin42.dll
0x0000000001810000 - 0x0000000001983000 	D:\Programs\bin\win64\icuuc42.dll
0x000007fefdf60000 - 0x000007fefe03b000 	C:\Windows\system32\ADVAPI32.dll
0x000007feff180000 - 0x000007feff21f000 	C:\Windows\system32\msvcrt.dll
0x000007fefdb60000 - 0x000007fefdb7f000 	C:\Windows\SYSTEM32\sechost.dll
0x000007feff220000 - 0x000007feff34e000 	C:\Windows\system32\RPCRT4.dll
0x0000000010000000 - 0x0000000010f47000 	D:\Programs\bin\win64\icudt42.dll
0x0000000073f70000 - 0x000000007407d000 	D:\Programs\bin\win64\libmwfl.dll
0x0000000001670000 - 0x0000000001703000 	D:\Programs\bin\win64\libmwMATLAB_res.dll
0x000000007a250000 - 0x000000007a263000 	D:\Programs\bin\win64\boost_signals-vc90-mt-1_40.dll
0x00000000019b0000 - 0x00000000019f6000 	D:\Programs\bin\win64\tbb.dll
0x000007fefdf40000 - 0x000007fefdf59000 	C:\Windows\system32\imagehlp.dll
0x00000000774e0000 - 0x00000000774e7000 	C:\Windows\system32\PSAPI.DLL
0x000000007a3d0000 - 0x000000007a3e3000 	D:\Programs\bin\win64\icuio42.dll
0x000007fefaba0000 - 0x000007fefacc5000 	C:\Windows\system32\dbghelp.dll
0x0000000076d90000 - 0x0000000076e8a000 	C:\Windows\system32\USER32.dll
0x000007feff350000 - 0x000007feff3b7000 	C:\Windows\system32\GDI32.dll
0x000007fefdcc0000 - 0x000007fefdcce000 	C:\Windows\system32\LPK.dll
0x000007fefe040000 - 0x000007fefe10a000 	C:\Windows\system32\USP10.dll
0x000000007bed0000 - 0x000000007c0f5000 	D:\Programs\bin\win64\libmwservices.dll
0x0000000075a20000 - 0x0000000075ab2000 	D:\Programs\bin\win64\libmx.dll
0x000000007a210000 - 0x000000007a226000 	D:\Programs\bin\win64\zlib1.dll
0x0000000074330000 - 0x000000007444b000 	D:\Programs\bin\win64\libmwmathutil.dll
0x00000000719e0000 - 0x0000000071a34000 	D:\Programs\bin\win64\mpath.dll
0x000000007b680000 - 0x000000007b982000 	D:\Programs\bin\win64\mlutil.dll
0x000000006da10000 - 0x000000006da92000 	D:\Programs\bin\win64\xmlcore.dll
0x000000007bc30000 - 0x000000007be83000 	D:\Programs\bin\win64\xerces-c_2_7.dll
0x000007fefdcd0000 - 0x000007fefdd1d000 	C:\Windows\system32\WS2_32.dll
0x000007fefdb50000 - 0x000007fefdb58000 	C:\Windows\system32\NSI.dll
0x000007fefe3f0000 - 0x000007feff177000 	C:\Windows\system32\SHELL32.dll
0x000007fefe110000 - 0x000007fefe181000 	C:\Windows\system32\SHLWAPI.dll
0x000007fef8b50000 - 0x000007fef8bf0000 	C:\Windows\WinSxS\amd64_microsoft.windows.common-controls_6595b64144ccf1df_5.82.7600.16661_none_a44e1fc257f685f6\COMCTL32.dll
0x000007fefdea0000 - 0x000007fefdf38000 	C:\Windows\system32\COMDLG32.dll
0x000007fefb840000 - 0x000007fefb856000 	C:\Windows\system32\NETAPI32.dll
0x000007fefb830000 - 0x000007fefb83c000 	C:\Windows\system32\netutils.dll
0x000007fefd4e0000 - 0x000007fefd503000 	C:\Windows\system32\srvcli.dll
0x000007fefb810000 - 0x000007fefb825000 	C:\Windows\system32\wkscli.dll
0x000007feff410000 - 0x000007feff612000 	C:\Windows\system32\ole32.dll
0x000007fefdd20000 - 0x000007fefddf7000 	C:\Windows\system32\OLEAUT32.dll
0x0000000074970000 - 0x0000000074a34000 	D:\Programs\bin\win64\mcr.dll
0x0000000075000000 - 0x00000000750e4000 	D:\Programs\bin\win64\iqm.dll
0x0000000062a40000 - 0x00000000631dc000 	D:\Programs\bin\win64\m_interpreter.dll
0x0000000073050000 - 0x000000007305f000 	D:\Programs\bin\win64\libmex.dll
0x000000006d960000 - 0x000000006da04000 	D:\Programs\bin\win64\m_dispatcher.dll
0x0000000074880000 - 0x0000000074945000 	D:\Programs\bin\win64\boost_regex-vc90-mt-1_40.dll
0x000000006d740000 - 0x000000006d7bf000 	D:\Programs\bin\win64\profiler.dll
0x0000000079f40000 - 0x0000000079f6c000 	D:\Programs\bin\win64\libmwmathrng.dll
0x0000000073030000 - 0x0000000073050000 	D:\Programs\bin\win64\m_pcodeio.dll
0x0000000079b10000 - 0x0000000079b71000 	D:\Programs\bin\win64\m_ir.dll
0x000000006a5f0000 - 0x000000006ac2b000 	D:\Programs\bin\win64\m_parser.dll
0x0000000072e40000 - 0x0000000072e59000 	D:\Programs\bin\win64\ir_xfmr.dll
0x000000006cf70000 - 0x000000006d1bb000 	D:\Programs\bin\win64\mcos.dll
0x0000000073060000 - 0x000000007306c000 	D:\Programs\bin\win64\mtok.dll
0x0000000071a70000 - 0x0000000071a9b000 	D:\Programs\bin\win64\m_pcodegen.dll
0x0000000076160000 - 0x00000000761c2000 	D:\Programs\bin\win64\libmwspmatrix.dll
0x0000000079fb0000 - 0x0000000079fde000 	D:\Programs\bin\win64\libmwbridge.dll
0x000000006d680000 - 0x000000006d739000 	D:\Programs\bin\win64\udd.dll
0x000000006d530000 - 0x000000006d671000 	D:\Programs\bin\win64\libmwgui.dll
0x0000000072e60000 - 0x0000000072e77000 	D:\Programs\bin\win64\graphics_util.dll
0x00000000621c0000 - 0x0000000062a40000 	D:\Programs\bin\win64\hg.dll
0x0000000076100000 - 0x000000007614f000 	D:\Programs\bin\win64\libmat.dll
0x0000000001bf0000 - 0x0000000001df3000 	D:\Programs\bin\win64\libhdf5.dll
0x000000006cef0000 - 0x000000006cf6b000 	D:\Programs\bin\win64\jmi.dll
0x0000000001e20000 - 0x0000000001e2e000 	D:\Programs\bin\win64\nativejava_services.dll
0x00000000719a0000 - 0x00000000719dc000 	D:\Programs\bin\win64\libmwhardcopy.dll
0x000000006ce90000 - 0x000000006cee8000 	D:\Programs\bin\win64\libuij.dll
0x000000006cca0000 - 0x000000006ce83000 	D:\Programs\bin\win64\hgdatatypes.dll
0x000000006cbe0000 - 0x000000006cc9c000 	D:\Programs\bin\win64\hgutils.dll
0x000000006bcf0000 - 0x000000006bd6c000 	D:\Programs\bin\win64\libmwlapack.dll
0x0000000071a50000 - 0x0000000071a62000 	D:\Programs\bin\win64\libmwbinder.dll
0x0000000071a40000 - 0x0000000071a4b000 	D:\Programs\bin\win64\libmwompwrapper.dll
0x0000000001eb0000 - 0x0000000002174000 	D:\Programs\bin\win64\uiw.dll
0x0000000071e60000 - 0x0000000071e6a000 	D:\Programs\bin\win64\uinone.dll
0x0000000061cd0000 - 0x00000000621b4000 	C:\Windows\WinSxS\amd64_microsoft.vc90.mfc_1fc8b3b9a1e18e3b_9.0.30729.6161_none_044aad0bab1eb146\mfc90.dll
0x000007fefca40000 - 0x000007fefca47000 	C:\Windows\system32\MSIMG32.dll
0x000007fef8a90000 - 0x000007fef8b00000 	C:\Windows\system32\WINSPOOL.DRV
0x000000006bc40000 - 0x000000006bce9000 	D:\Programs\bin\win64\udd_mi.dll
0x0000000071980000 - 0x000000007199b000 	D:\Programs\bin\win64\mwoles05.DLL
0x000000006bd80000 - 0x000000006bdee000 	D:\Programs\bin\win64\comcli.dll
0x000000006d930000 - 0x000000006d95f000 	C:\Windows\WinSxS\amd64_microsoft.vc90.atl_1fc8b3b9a1e18e3b_9.0.30729.6161_none_0a1fd3a3a768b895\ATL90.DLL
0x00000000702e0000 - 0x00000000702ec000 	D:\Programs\bin\win64\mlautoregister.dll
0x00000000021e0000 - 0x00000000021ed000 	D:\Programs\bin\win64\boost_iostreams-vc90-mt-1_40.dll
0x000007fefdb80000 - 0x000007fefdbae000 	C:\Windows\system32\IMM32.DLL
0x000007fefdbb0000 - 0x000007fefdcb9000 	C:\Windows\system32\MSCTF.dll
0x000007fefc700000 - 0x000007fefc756000 	C:\Windows\system32\UxTheme.dll
0x000007fefc060000 - 0x000007fefc078000 	C:\Windows\system32\dwmapi.dll
0x00000000702d0000 - 0x00000000702dd000 	C:\Windows\WinSxS\amd64_microsoft.vc90.mfcloc_1fc8b3b9a1e18e3b_9.0.30729.6161_none_01c9581e60cbee58\MFC90ENU.DLL
0x000007fefd7c0000 - 0x000007fefd7cf000 	C:\Windows\system32\profapi.dll
0x000007fefd750000 - 0x000007fefd75f000 	C:\Windows\system32\CRYPTBASE.dll
0x000007fefbcb0000 - 0x000007fefbea4000 	C:\Windows\WinSxS\amd64_microsoft.windows.common-controls_6595b64144ccf1df_6.0.7600.16661_none_fa62ad231704eab7\comctl32.dll
0x000007fefe190000 - 0x000007fefe367000 	C:\Windows\system32\SETUPAPI.dll
0x000007fefda30000 - 0x000007fefda66000 	C:\Windows\system32\CFGMGR32.dll
0x000007fefd8a0000 - 0x000007fefd8ba000 	C:\Windows\system32\DEVOBJ.dll
0x000007fefde00000 - 0x000007fefde99000 	C:\Windows\system32\CLBCatQ.DLL
0x000007fefc760000 - 0x000007fefc88c000 	C:\Windows\system32\propsys.dll
0x000007fefc890000 - 0x000007fefc8bd000 	C:\Windows\system32\ntmarta.dll
0x000007feff3c0000 - 0x000007feff410000 	C:\Windows\system32\WLDAP32.dll
0x0000000004400000 - 0x0000000004429000 	D:\Programs\bin\win64\tbbmalloc.dll
0x000007fefa3e0000 - 0x000007fefa407000 	C:\Windows\system32\iphlpapi.dll
0x000007fefa3d0000 - 0x000007fefa3db000 	C:\Windows\system32\WINNSI.DLL
0x000007fefce30000 - 0x000007fefce8b000 	C:\Windows\system32\DNSAPI.dll
0x000007fef9f10000 - 0x000007fef9f21000 	C:\Windows\system32\dhcpcsvc6.DLL
0x000007fef9ef0000 - 0x000007fef9f08000 	C:\Windows\system32\dhcpcsvc.DLL
0x000007fefd720000 - 0x000007fefd745000 	C:\Windows\system32\SspiCli.dll
0x000000006cbc0000 - 0x000000006cbc3000 	C:\Windows\system32\icmp.Dll
0x0000000078870000 - 0x0000000078ecd000 	D:\Programs\sys\java\jre\win64\jre\bin\server\jvm.dll
0x000007fefb550000 - 0x000007fefb58b000 	C:\Windows\system32\WINMM.dll
0x000000007a440000 - 0x000000007a44e000 	D:\Programs\sys\java\jre\win64\jre\bin\verify.dll
0x000000007a070000 - 0x000000007a097000 	D:\Programs\sys\java\jre\win64\jre\bin\java.dll
0x000000007a540000 - 0x000000007a54a000 	D:\Programs\sys\java\jre\win64\jre\bin\hpi.dll
0x000000007a370000 - 0x000000007a382000 	D:\Programs\sys\java\jre\win64\jre\bin\zip.dll
0x0000000075b90000 - 0x0000000075bfb000 	D:\Programs\sys\java\jre\win64\jre\bin\fontmanager.dll
0x0000000073150000 - 0x0000000073311000 	D:\Programs\sys\java\jre\win64\jre\bin\awt.dll
0x0000000079cf0000 - 0x0000000079d36000 	D:\Programs\bin\win64\nativejmi.dll

VM Arguments:
jvm_args: -Xss512k -XX:PermSize=32m -Xms64m -XX:NewRatio=3 -XX:MaxPermSize=128m -Xmx196m -XX:MaxDirectMemorySize=2147400000 -Dsun.java2d.noddraw=true -Dsun.awt.nopixfmt=true -Xshare:off -Xrs -Dsun.awt.disableMixing=true -Djava.library.path=D:\Programs\bin\win64 vfprintf abort 
java_command: <unknown>
Launcher Type: generic

Environment Variables:
PATH=C:\Program Files (x86)\MiKTeX 2.9\miktex\bin;C:\Program Files\Common Files\Microsoft Shared\Windows Live;C:\Windows\system32;C:\Windows;C:\Windows\System32\Wbem;C:\Windows\System32\WindowsPowerShell\v1.0\;C:\Program Files (x86)\Microsoft SQL Server\100\Tools\Binn\;C:\Program Files\Microsoft SQL Server\100\Tools\Binn\;C:\Program Files\Microsoft SQL Server\100\DTS\Binn\;C:\strawberry\c\bin;C:\strawberry\perl\site\bin;C:\strawberry\perl\bin;C:\Program Files (x86)\TeXworks\latexmk;D:\bin;C:\Program Files\Microsoft Windows Performance Toolkit\;D:\Programs\bin;C:\Program Files (x86)\Diffusion Toolkit;C:\Program Files (x86)\Diffusion Toolkit;C:\Program Files (x86)\TrackVis;C:\Program Files\Common Files\Microsoft Shared\Windows Live
USERNAME=Sergul
OS=Windows_NT
PROCESSOR_IDENTIFIER=Intel64 Family 6 Model 26 Stepping 5, GenuineIntel



---------------  S Y S T E M  ---------------

OS: Windows 7 Build 7600 

CPU:total 4 (8 cores per cpu, 2 threads per core) family 6 model 26 stepping 5, cmov, cx8, fxsr, mmx, sse, sse2, sse3, ssse3, sse4.1, sse4.2, ht

Memory: 4k page, physical 6288952k(2770544k free), swap 12576004k(9180228k free)

vm_info: Java HotSpot(TM) 64-Bit Server VM (14.3-b01) for windows-amd64 JRE (1.6.0_17-b04), built on Oct 11 2009 00:46:08 by "java_re" with MS VC++ 8.0

time: Tue Aug 21 21:30:24 2012
elapsed time: 87028 seconds

